<?xml version="1.0" encoding="UTF-8"?>
<testsuite name="task.service.TagServiceTest" tests="2" skipped="0" failures="0" errors="0" timestamp="2020-07-27T16:00:21" hostname="MDADCR90MFXZ1" time="1.314">
  <properties/>
  <testcase name="return empty list" classname="task.service.TagServiceTest" time="1.302"/>
  <testcase name="return only C#, java, docker and net tags" classname="task.service.TagServiceTest" time="0.012"/>
  <system-out><![CDATA[]]></system-out>
  <system-err><![CDATA[]]></system-err>
</testsuite>
